<?xml version="1.0" encoding="UTF-8"?>
<!-- Generated by org.testng.reporters.JUnitXMLReporter -->
<testsuite ignored="7" hostname="abdulraheemPC" failures="0" tests="3" name="Default test" time="64.784" errors="0" timestamp="2025-05-10T11:31:27 GMT+03:00">
  <testcase classname="AutomationFinalProject_aprilHTU.AutomationFinalProject_aprilHTU.AppTest" name="ChangeTheWebsiteLanaguage" time="2.73"/>
  <testcase classname="AutomationFinalProject_aprilHTU.AutomationFinalProject_aprilHTU.AppTest" name="RandomlySelectCity" time="60.204"/>
  <testcase classname="AutomationFinalProject_aprilHTU.AutomationFinalProject_aprilHTU.AppTest" name="CheckTheResultIsretrived" time="0.01"/>
  <testcase classname="AutomationFinalProject_aprilHTU.AutomationFinalProject_aprilHTU.AppTest" name="CheckWebSiteLanaguage" time="0.0">
    <ignored/>
  </testcase> <!-- CheckWebSiteLanaguage -->
  <testcase classname="AutomationFinalProject_aprilHTU.AutomationFinalProject_aprilHTU.AppTest" name="CheckCurrency" time="0.0">
    <ignored/>
  </testcase> <!-- CheckCurrency -->
  <testcase classname="AutomationFinalProject_aprilHTU.AutomationFinalProject_aprilHTU.AppTest" name="CheckContactNumber" time="0.0">
    <ignored/>
  </testcase> <!-- CheckContactNumber -->
  <testcase classname="AutomationFinalProject_aprilHTU.AutomationFinalProject_aprilHTU.AppTest" name="CheckHotelTabIsNotSelected" time="0.0">
    <ignored/>
  </testcase> <!-- CheckHotelTabIsNotSelected -->
  <testcase classname="AutomationFinalProject_aprilHTU.AutomationFinalProject_aprilHTU.AppTest" name="FLightDepatureDate" time="0.0">
    <ignored/>
  </testcase> <!-- FLightDepatureDate -->
  <testcase classname="AutomationFinalProject_aprilHTU.AutomationFinalProject_aprilHTU.AppTest" name="CheckQitafLogo" time="0.0">
    <ignored/>
  </testcase> <!-- CheckQitafLogo -->
  <testcase classname="AutomationFinalProject_aprilHTU.AutomationFinalProject_aprilHTU.AppTest" name="FlightReturnDate" time="0.0">
    <ignored/>
  </testcase> <!-- FlightReturnDate -->
</testsuite> <!-- Default test -->
