<?xml version="1.0" encoding="UTF-8"?>
<!-- Generated by org.testng.reporters.JUnitXMLReporter -->
<testsuite ignored="8" hostname="abdulraheemPC" failures="0" tests="2" name="Default test" time="2.919" errors="0" timestamp="2025-05-07T18:59:47 GMT+03:00">
  <testcase classname="AutomationFinalProject_aprilHTU.AutomationFinalProject_aprilHTU.AppTest" name="FLightDepatureDate" time="0.048"/>
  <testcase classname="AutomationFinalProject_aprilHTU.AutomationFinalProject_aprilHTU.AppTest" name="FlightReturnDate" time="0.043"/>
  <testcase classname="AutomationFinalProject_aprilHTU.AutomationFinalProject_aprilHTU.AppTest" name="CheckWebSiteLanaguage" time="0.0">
    <ignored/>
  </testcase> <!-- CheckWebSiteLanaguage -->
  <testcase classname="AutomationFinalProject_aprilHTU.AutomationFinalProject_aprilHTU.AppTest" name="CheckCurrency" time="0.0">
    <ignored/>
  </testcase> <!-- CheckCurrency -->
  <testcase classname="AutomationFinalProject_aprilHTU.AutomationFinalProject_aprilHTU.AppTest" name="CheckHotelTabIsNotSelected" time="0.0">
    <ignored/>
  </testcase> <!-- CheckHotelTabIsNotSelected -->
  <testcase classname="AutomationFinalProject_aprilHTU.AutomationFinalProject_aprilHTU.AppTest" name="CheckTheResultsIsretrived" time="0.0">
    <ignored/>
  </testcase> <!-- CheckTheResultsIsretrived -->
  <testcase classname="AutomationFinalProject_aprilHTU.AutomationFinalProject_aprilHTU.AppTest" name="CheckQitafLogo" time="0.0">
    <ignored/>
  </testcase> <!-- CheckQitafLogo -->
  <testcase classname="AutomationFinalProject_aprilHTU.AutomationFinalProject_aprilHTU.AppTest" name="RandomlySelectCity" time="0.0">
    <ignored/>
  </testcase> <!-- RandomlySelectCity -->
  <testcase classname="AutomationFinalProject_aprilHTU.AutomationFinalProject_aprilHTU.AppTest" name="CheckContactNumber" time="0.0">
    <ignored/>
  </testcase> <!-- CheckContactNumber -->
  <testcase classname="AutomationFinalProject_aprilHTU.AutomationFinalProject_aprilHTU.AppTest" name="ChangeTheWebsiteLanaguage" time="0.0">
    <ignored/>
  </testcase> <!-- ChangeTheWebsiteLanaguage -->
</testsuite> <!-- Default test -->
