<?xml version="1.0" encoding="UTF-8"?>
<testng-results ignored="7" total="10" passed="3" failed="0" skipped="0">
  <reporter-output>
  </reporter-output>
  <suite started-at="2025-05-10T11:30:22 GMT+03:00" name="Default suite" finished-at="2025-05-10T11:31:27 GMT+03:00" duration-ms="64784">
    <groups>
    </groups>
    <test started-at="2025-05-10T11:30:22 GMT+03:00" name="Default test" finished-at="2025-05-10T11:31:27 GMT+03:00" duration-ms="64784">
      <class name="AutomationFinalProject_aprilHTU.AutomationFinalProject_aprilHTU.AppTest">
        <test-method is-config="true" signature="mySetup()[pri:0, instance:AutomationFinalProject_aprilHTU.AutomationFinalProject_aprilHTU.AppTest@56aaaecd]" started-at="2025-05-10T11:30:22 GMT+03:00" name="mySetup" finished-at="2025-05-10T11:30:24 GMT+03:00" duration-ms="1809" status="PASS">
          <reporter-output>
          </reporter-output>
        </test-method> <!-- mySetup -->
        <test-method signature="ChangeTheWebsiteLanaguage()[pri:8, instance:AutomationFinalProject_aprilHTU.AutomationFinalProject_aprilHTU.AppTest@56aaaecd]" started-at="2025-05-10T11:30:24 GMT+03:00" name="ChangeTheWebsiteLanaguage" finished-at="2025-05-10T11:30:27 GMT+03:00" duration-ms="2730" status="PASS">
          <reporter-output>
          </reporter-output>
        </test-method> <!-- ChangeTheWebsiteLanaguage -->
        <test-method signature="RandomlySelectCity()[pri:9, instance:AutomationFinalProject_aprilHTU.AutomationFinalProject_aprilHTU.AppTest@56aaaecd]" started-at="2025-05-10T11:30:27 GMT+03:00" name="RandomlySelectCity" finished-at="2025-05-10T11:31:27 GMT+03:00" duration-ms="60204" status="PASS">
          <reporter-output>
          </reporter-output>
        </test-method> <!-- RandomlySelectCity -->
        <test-method signature="CheckTheResultIsretrived()[pri:10, instance:AutomationFinalProject_aprilHTU.AutomationFinalProject_aprilHTU.AppTest@56aaaecd]" started-at="2025-05-10T11:31:27 GMT+03:00" name="CheckTheResultIsretrived" finished-at="2025-05-10T11:31:27 GMT+03:00" duration-ms="10" status="PASS">
          <reporter-output>
          </reporter-output>
        </test-method> <!-- CheckTheResultIsretrived -->
        <test-method is-config="true" signature="AfterMyTest()[pri:0, instance:AutomationFinalProject_aprilHTU.AutomationFinalProject_aprilHTU.AppTest@56aaaecd]" started-at="2025-05-10T11:31:27 GMT+03:00" name="AfterMyTest" finished-at="2025-05-10T11:31:27 GMT+03:00" duration-ms="1" status="PASS">
          <reporter-output>
          </reporter-output>
        </test-method> <!-- AfterMyTest -->
      </class> <!-- AutomationFinalProject_aprilHTU.AutomationFinalProject_aprilHTU.AppTest -->
    </test> <!-- Default test -->
  </suite> <!-- Default suite -->
</testng-results>
