<?xml version="1.0" encoding="UTF-8"?>
<testng-results ignored="0" total="10" passed="10" failed="0" skipped="0">
  <reporter-output>
  </reporter-output>
  <suite started-at="2025-05-10T12:16:40 GMT+03:00" name="Default suite" finished-at="2025-05-10T12:16:47 GMT+03:00" duration-ms="7218">
    <groups>
    </groups>
    <test started-at="2025-05-10T12:16:40 GMT+03:00" name="Default test" finished-at="2025-05-10T12:16:47 GMT+03:00" duration-ms="7218">
      <class name="AutomationFinalProject_aprilHTU.AutomationFinalProject_aprilHTU.AppTest">
        <test-method is-config="true" signature="mySetup()[pri:0, instance:AutomationFinalProject_aprilHTU.AutomationFinalProject_aprilHTU.AppTest@522a32b1]" started-at="2025-05-10T12:16:40 GMT+03:00" name="mySetup" finished-at="2025-05-10T12:16:42 GMT+03:00" duration-ms="1662" status="PASS">
          <reporter-output>
          </reporter-output>
        </test-method> <!-- mySetup -->
        <test-method signature="CheckWebSiteLanaguage()[pri:1, instance:AutomationFinalProject_aprilHTU.AutomationFinalProject_aprilHTU.AppTest@522a32b1]" started-at="2025-05-10T12:16:42 GMT+03:00" name="CheckWebSiteLanaguage" finished-at="2025-05-10T12:16:42 GMT+03:00" duration-ms="23" status="PASS">
          <reporter-output>
          </reporter-output>
        </test-method> <!-- CheckWebSiteLanaguage -->
        <test-method signature="CheckCurrency()[pri:2, instance:AutomationFinalProject_aprilHTU.AutomationFinalProject_aprilHTU.AppTest@522a32b1]" started-at="2025-05-10T12:16:42 GMT+03:00" name="CheckCurrency" finished-at="2025-05-10T12:16:42 GMT+03:00" duration-ms="21" status="PASS">
          <reporter-output>
          </reporter-output>
        </test-method> <!-- CheckCurrency -->
        <test-method signature="CheckContactNumber()[pri:3, instance:AutomationFinalProject_aprilHTU.AutomationFinalProject_aprilHTU.AppTest@522a32b1]" started-at="2025-05-10T12:16:42 GMT+03:00" name="CheckContactNumber" finished-at="2025-05-10T12:16:42 GMT+03:00" duration-ms="14" status="PASS">
          <reporter-output>
          </reporter-output>
        </test-method> <!-- CheckContactNumber -->
        <test-method signature="CheckQitafLogo()[pri:4, instance:AutomationFinalProject_aprilHTU.AutomationFinalProject_aprilHTU.AppTest@522a32b1]" started-at="2025-05-10T12:16:42 GMT+03:00" name="CheckQitafLogo" finished-at="2025-05-10T12:16:42 GMT+03:00" duration-ms="37" status="PASS">
          <reporter-output>
          </reporter-output>
        </test-method> <!-- CheckQitafLogo -->
        <test-method signature="CheckHotelTabIsNotSelected()[pri:5, instance:AutomationFinalProject_aprilHTU.AutomationFinalProject_aprilHTU.AppTest@522a32b1]" started-at="2025-05-10T12:16:42 GMT+03:00" name="CheckHotelTabIsNotSelected" finished-at="2025-05-10T12:16:42 GMT+03:00" duration-ms="14" status="PASS">
          <reporter-output>
          </reporter-output>
        </test-method> <!-- CheckHotelTabIsNotSelected -->
        <test-method signature="FLightDepatureDate()[pri:6, instance:AutomationFinalProject_aprilHTU.AutomationFinalProject_aprilHTU.AppTest@522a32b1]" started-at="2025-05-10T12:16:42 GMT+03:00" name="FLightDepatureDate" finished-at="2025-05-10T12:16:42 GMT+03:00" duration-ms="17" status="PASS">
          <reporter-output>
          </reporter-output>
        </test-method> <!-- FLightDepatureDate -->
        <test-method signature="FlightReturnDate()[pri:7, instance:AutomationFinalProject_aprilHTU.AutomationFinalProject_aprilHTU.AppTest@522a32b1]" started-at="2025-05-10T12:16:42 GMT+03:00" name="FlightReturnDate" finished-at="2025-05-10T12:16:42 GMT+03:00" duration-ms="16" status="PASS">
          <reporter-output>
          </reporter-output>
        </test-method> <!-- FlightReturnDate -->
        <test-method signature="ChangeTheWebsiteLanaguage()[pri:8, instance:AutomationFinalProject_aprilHTU.AutomationFinalProject_aprilHTU.AppTest@522a32b1]" started-at="2025-05-10T12:16:42 GMT+03:00" name="ChangeTheWebsiteLanaguage" finished-at="2025-05-10T12:16:44 GMT+03:00" duration-ms="2680" status="PASS">
          <reporter-output>
          </reporter-output>
        </test-method> <!-- ChangeTheWebsiteLanaguage -->
        <test-method signature="RandomlySelectCity()[pri:9, instance:AutomationFinalProject_aprilHTU.AutomationFinalProject_aprilHTU.AppTest@522a32b1]" started-at="2025-05-10T12:16:44 GMT+03:00" name="RandomlySelectCity" finished-at="2025-05-10T12:16:47 GMT+03:00" duration-ms="2274" status="PASS">
          <reporter-output>
          </reporter-output>
        </test-method> <!-- RandomlySelectCity -->
        <test-method signature="CheckTheResultIsretrived()[pri:10, instance:AutomationFinalProject_aprilHTU.AutomationFinalProject_aprilHTU.AppTest@522a32b1]" started-at="2025-05-10T12:16:47 GMT+03:00" name="CheckTheResultIsretrived" finished-at="2025-05-10T12:16:47 GMT+03:00" duration-ms="408" status="PASS">
          <reporter-output>
          </reporter-output>
        </test-method> <!-- CheckTheResultIsretrived -->
        <test-method is-config="true" signature="AfterMyTest()[pri:0, instance:AutomationFinalProject_aprilHTU.AutomationFinalProject_aprilHTU.AppTest@522a32b1]" started-at="2025-05-10T12:16:47 GMT+03:00" name="AfterMyTest" finished-at="2025-05-10T12:16:47 GMT+03:00" duration-ms="4" status="PASS">
          <reporter-output>
          </reporter-output>
        </test-method> <!-- AfterMyTest -->
      </class> <!-- AutomationFinalProject_aprilHTU.AutomationFinalProject_aprilHTU.AppTest -->
    </test> <!-- Default test -->
  </suite> <!-- Default suite -->
</testng-results>
